Build started 27/09/2014 11:57:50.
     1>Project "D:\Users\Graeme\Uni\4th year\Advanced Game Technologies\Bezier Curve Coursework\Solution\Bez.vcxproj" on node 2 (Build target(s)).
     1>ClCompile:
         D:\Program Files (x86)\Microsoft Visual Studio 12.0\VC\bin\CL.exe /c /Zi /nologo /W3 /WX- /O2 /Oi /Oy- /GL /D _MBCS /Gm- /EHsc /MD /GS /Gy /fp:precise /Zc:wchar_t /Zc:forScope /Fo"Release\\" /Fd"Release\vc120.pdb" /Gd /TP /analyze- /errorReport:prompt Camera.cpp CP.cpp Curve.cpp Init.cpp Main.cpp
         Camera.cpp
     1>d:\users\graeme\uni\4th year\advanced game technologies\bezier curve coursework\solution\Header Files\Main.h(9): warning C4067: unexpected tokens following preprocessor directive - expected a newline
     1>d:\users\graeme\uni\4th year\advanced game technologies\bezier curve coursework\solution\Header Files\Main.h(10): warning C4067: unexpected tokens following preprocessor directive - expected a newline
     1>Camera.cpp(20): warning C4996: 'sprintf': This function or variable may be unsafe. Consider using sprintf_s instead. To disable deprecation, use _CRT_SECURE_NO_WARNINGS. See online help for details.
                 D:\Program Files (x86)\Microsoft Visual Studio 12.0\VC\include\stdio.h(356) : see declaration of 'sprintf'
         CP.cpp
     1>d:\users\graeme\uni\4th year\advanced game technologies\bezier curve coursework\solution\Header Files\Main.h(9): warning C4067: unexpected tokens following preprocessor directive - expected a newline
     1>d:\users\graeme\uni\4th year\advanced game technologies\bezier curve coursework\solution\Header Files\Main.h(10): warning C4067: unexpected tokens following preprocessor directive - expected a newline
     1>CP.cpp(43): warning C4305: '+=' : truncation from 'double' to 'float'
         Curve.cpp
     1>d:\users\graeme\uni\4th year\advanced game technologies\bezier curve coursework\solution\Header Files\Main.h(9): warning C4067: unexpected tokens following preprocessor directive - expected a newline
     1>d:\users\graeme\uni\4th year\advanced game technologies\bezier curve coursework\solution\Header Files\Main.h(10): warning C4067: unexpected tokens following preprocessor directive - expected a newline
     1>Curve.cpp(85): warning C4305: '+=' : truncation from 'double' to 'float'
     1>Curve.cpp(144): warning C4244: '+=' : conversion from 'double' to 'float', possible loss of data
     1>Curve.cpp(145): warning C4305: '=' : truncation from 'double' to 'float'
     1>Curve.cpp(146): warning C4305: '=' : truncation from 'double' to 'float'
         Init.cpp
     1>d:\users\graeme\uni\4th year\advanced game technologies\bezier curve coursework\solution\Header Files\Main.h(9): warning C4067: unexpected tokens following preprocessor directive - expected a newline
     1>d:\users\graeme\uni\4th year\advanced game technologies\bezier curve coursework\solution\Header Files\Main.h(10): warning C4067: unexpected tokens following preprocessor directive - expected a newline
     1>Init.cpp(112): warning C4996: 'fopen': This function or variable may be unsafe. Consider using fopen_s instead. To disable deprecation, use _CRT_SECURE_NO_WARNINGS. See online help for details.
                 D:\Program Files (x86)\Microsoft Visual Studio 12.0\VC\include\stdio.h(211) : see declaration of 'fopen'
         Main.cpp
     1>d:\users\graeme\uni\4th year\advanced game technologies\bezier curve coursework\solution\Header Files\Main.h(9): warning C4067: unexpected tokens following preprocessor directive - expected a newline
     1>d:\users\graeme\uni\4th year\advanced game technologies\bezier curve coursework\solution\Header Files\Main.h(10): warning C4067: unexpected tokens following preprocessor directive - expected a newline
     1>Main.cpp(70): warning C4996: 'sscanf': This function or variable may be unsafe. Consider using sscanf_s instead. To disable deprecation, use _CRT_SECURE_NO_WARNINGS. See online help for details.
                 D:\Program Files (x86)\Microsoft Visual Studio 12.0\VC\include\stdio.h(304) : see declaration of 'sscanf'
     1>Main.cpp(72): warning C4996: 'sscanf': This function or variable may be unsafe. Consider using sscanf_s instead. To disable deprecation, use _CRT_SECURE_NO_WARNINGS. See online help for details.
                 D:\Program Files (x86)\Microsoft Visual Studio 12.0\VC\include\stdio.h(304) : see declaration of 'sscanf'
     1>Main.cpp(74): warning C4996: 'sscanf': This function or variable may be unsafe. Consider using sscanf_s instead. To disable deprecation, use _CRT_SECURE_NO_WARNINGS. See online help for details.
                 D:\Program Files (x86)\Microsoft Visual Studio 12.0\VC\include\stdio.h(304) : see declaration of 'sscanf'
     1>Main.cpp(76): warning C4996: 'sscanf': This function or variable may be unsafe. Consider using sscanf_s instead. To disable deprecation, use _CRT_SECURE_NO_WARNINGS. See online help for details.
                 D:\Program Files (x86)\Microsoft Visual Studio 12.0\VC\include\stdio.h(304) : see declaration of 'sscanf'
       ResourceCompile:
         C:\Program Files (x86)\Windows Kits\8.1\bin\x86\rc.exe /l"0x0409" /nologo /fo"Release\Bez.res" Bez.rc 
       Link:
         D:\Program Files (x86)\Microsoft Visual Studio 12.0\VC\bin\link.exe /ERRORREPORT:PROMPT /OUT:"D:\Users\Graeme\Uni\4th year\Advanced Game Technologies\Bezier Curve Coursework\Solution\Release\Bez.exe" /NOLOGO kernel32.lib user32.lib gdi32.lib winspool.lib comdlg32.lib advapi32.lib shell32.lib ole32.lib oleaut32.lib uuid.lib odbc32.lib odbccp32.lib /MANIFEST /MANIFESTUAC:"level='asInvoker' uiAccess='false'" /manifest:embed /DEBUG /PDB:"D:\Users\Graeme\Uni\4th year\Advanced Game Technologies\Bezier Curve Coursework\Solution\Release\Bez.pdb" /OPT:REF /OPT:ICF /LTCG /TLBID:1 /DYNAMICBASE /NXCOMPAT /IMPLIB:"D:\Users\Graeme\Uni\4th year\Advanced Game Technologies\Bezier Curve Coursework\Solution\Release\Bez.lib" /MACHINE:X86 /SAFESEH:NO Release\Bez.res
         Release\Camera.obj
         Release\CP.obj
         Release\Curve.obj
         Release\Init.obj
         Release\Main.obj
         Generating code
         Finished generating code
         Bez.vcxproj -> D:\Users\Graeme\Uni\4th year\Advanced Game Technologies\Bezier Curve Coursework\Solution\Release\Bez.exe
     1>Done Building Project "D:\Users\Graeme\Uni\4th year\Advanced Game Technologies\Bezier Curve Coursework\Solution\Bez.vcxproj" (Build target(s)).

Build succeeded.

Time Elapsed 00:00:02.90
